CONFIG
├── data
│   └── _target_: src.data.contactpoint_datamodule.ContactPointDataModule                                                                                                
│       dataset:                                                                                                                                                         
│         _target_: src.data.components.contact_point_dataset.ContactPoint_Dataset                                                                                       
│         data_str: bc_3_trainingData.npy                                                                                                                                
│       batch_size: 128                                                                                                                                                  
│       train_val_test_split_ratio:                                                                                                                                      
│       - 0.5                                                                                                                                                            
│       - 0.2                                                                                                                                                            
│       num_workers: 4                                                                                                                                                   
│       pin_memory: false                                                                                                                                                
│                                                                                                                                                                        
├── model
│   └── _target_: src.models.contactpoint_module.ContactPointLitModule                                                                                                   
│       optimizer:                                                                                                                                                       
│         _target_: torch.optim.Adam                                                                                                                                     
│         _partial_: true                                                                                                                                                
│         lr: 0.0001                                                                                                                                                     
│         weight_decay: 0.0                                                                                                                                              
│       scheduler:                                                                                                                                                       
│         _target_: torch.optim.lr_scheduler.ReduceLROnPlateau                                                                                                           
│         _partial_: true                                                                                                                                                
│         mode: min                                                                                                                                                      
│         factor: 0.1                                                                                                                                                    
│         patience: 10                                                                                                                                                   
│       net:                                                                                                                                                             
│         _target_: src.models.components.simple_dense_net.SimpleDenseNet                                                                                                
│         input_size: 18                                                                                                                                                 
│         lin1_size: 256                                                                                                                                                 
│         lin2_size: 64                                                                                                                                                  
│         lin3_size: 0                                                                                                                                                   
│         output_size: 3                                                                                                                                                 
│       compile: false                                                                                                                                                   
│                                                                                                                                                                        
├── callbacks
│   └── model_checkpoint:                                                                                                                                                
│         _target_: lightning.pytorch.callbacks.ModelCheckpoint                                                                                                          
│         dirpath: /home/ghost/Documents/WorkSpace/&HXD/Trainning/VisualPropModel/logs/train/runs/2024-01-06_17-39-54/checkpoints                                        
│         filename: epoch_{epoch:03d}                                                                                                                                    
│         monitor: val/acc                                                                                                                                               
│         verbose: false                                                                                                                                                 
│         save_last: true                                                                                                                                                
│         save_top_k: 1                                                                                                                                                  
│         mode: max                                                                                                                                                      
│         auto_insert_metric_name: false                                                                                                                                 
│         save_weights_only: false                                                                                                                                       
│         every_n_train_steps: null                                                                                                                                      
│         train_time_interval: null                                                                                                                                      
│         every_n_epochs: null                                                                                                                                           
│         save_on_train_epoch_end: null                                                                                                                                  
│       early_stopping:                                                                                                                                                  
│         _target_: lightning.pytorch.callbacks.EarlyStopping                                                                                                            
│         monitor: val/acc                                                                                                                                               
│         min_delta: 0.0                                                                                                                                                 
│         patience: 100                                                                                                                                                  
│         verbose: false                                                                                                                                                 
│         mode: max                                                                                                                                                      
│         strict: true                                                                                                                                                   
│         check_finite: true                                                                                                                                             
│         stopping_threshold: null                                                                                                                                       
│         divergence_threshold: null                                                                                                                                     
│         check_on_train_epoch_end: null                                                                                                                                 
│       model_summary:                                                                                                                                                   
│         _target_: lightning.pytorch.callbacks.RichModelSummary                                                                                                         
│         max_depth: -1                                                                                                                                                  
│       rich_progress_bar:                                                                                                                                               
│         _target_: lightning.pytorch.callbacks.RichProgressBar                                                                                                          
│                                                                                                                                                                        
├── logger
│   └── tensorboard:                                                                                                                                                     
│         _target_: lightning.pytorch.loggers.tensorboard.TensorBoardLogger                                                                                              
│         save_dir: /home/ghost/Documents/WorkSpace/&HXD/Trainning/VisualPropModel/logs/train/runs/2024-01-06_17-39-54/tensorboard/                                      
│         name: null                                                                                                                                                     
│         log_graph: false                                                                                                                                               
│         default_hp_metric: true                                                                                                                                        
│         prefix: ''                                                                                                                                                     
│                                                                                                                                                                        
├── trainer
│   └── _target_: lightning.pytorch.trainer.Trainer                                                                                                                      
│       default_root_dir: /home/ghost/Documents/WorkSpace/&HXD/Trainning/VisualPropModel/logs/train/runs/2024-01-06_17-39-54                                             
│       min_epochs: 1                                                                                                                                                    
│       max_epochs: 100                                                                                                                                                  
│       accelerator: gpu                                                                                                                                                 
│       devices: 1                                                                                                                                                       
│       check_val_every_n_epoch: 1                                                                                                                                       
│       deterministic: false                                                                                                                                             
│                                                                                                                                                                        
├── paths
│   └── root_dir: /home/ghost/Documents/WorkSpace/&HXD/Trainning/VisualPropModel                                                                                         
│       data_dir: /home/ghost/Documents/WorkSpace/&HXD/Trainning/VisualPropModel/data/                                                                                   
│       log_dir: /home/ghost/Documents/WorkSpace/&HXD/Trainning/VisualPropModel/logs/                                                                                    
│       output_dir: /home/ghost/Documents/WorkSpace/&HXD/Trainning/VisualPropModel/logs/train/runs/2024-01-06_17-39-54                                                   
│       work_dir: /home/ghost/Documents/WorkSpace/&HXD/Trainning/VisualPropModel                                                                                         
│       check_dir: /home/ghost/Documents/WorkSpace/&HXD/Trainning/VisualPropModel/checkpth/                                                                              
│                                                                                                                                                                        
├── extras
│   └── ignore_warnings: false                                                                                                                                           
│       enforce_tags: true                                                                                                                                               
│       print_config: true                                                                                                                                               
│                                                                                                                                                                        
├── task_name
│   └── train                                                                                                                                                            
├── tags
│   └── ['dev']                                                                                                                                                          
├── train
│   └── True                                                                                                                                                             
├── test
│   └── True                                                                                                                                                             
├── ckpt_path
│   └── None                                                                                                                                                             
└── seed
    └── None                                                                                                                                                             
